0 info it worked if it ends with ok
1 verbose cli [ 'C:\\Program Files\\nodejs\\node.exe',
1 verbose cli   'C:\\Program Files\\nodejs\\node_modules\\npm\\bin\\npm-cli.js',
1 verbose cli   'version',
1 verbose cli   'patch' ]
2 info using npm@3.3.12
3 info using node@v5.4.0
4 error version No valid package.json found
5 verbose stack SyntaxError: Unexpected string
5 verbose stack     at Object.parse (native)
5 verbose stack     at module.exports (C:\Program Files\nodejs\node_modules\npm\lib\utils\parse-json.js:3:15)
5 verbose stack     at C:\Program Files\nodejs\node_modules\npm\lib\version.js:36:14
5 verbose stack     at C:\Program Files\nodejs\node_modules\npm\node_modules\graceful-fs\graceful-fs.js:76:16
5 verbose stack     at FSReqWrap.readFileAfterClose [as oncomplete] (fs.js:404:3)
6 verbose cwd D:\Work\node\MODULES\node_modules\require.all
7 error Windows_NT 6.3.9600
8 error argv "C:\\Program Files\\nodejs\\node.exe" "C:\\Program Files\\nodejs\\node_modules\\npm\\bin\\npm-cli.js" "version" "patch"
9 error node v5.4.0
10 error npm  v3.3.12
11 error Unexpected string
12 error If you need help, you may report this error at:
12 error     <https://github.com/npm/npm/issues>
13 verbose exit [ 1, true ]
